DEBUG 2018-04-19 03:23:31,260 /usr/lib64/python2.7/site-packages/django/db/backends/utils.py utils.py utils execute 90: (0.001) 
            SELECT name, type FROM sqlite_master
            WHERE type in ('table', 'view') AND NOT name='sqlite_sequence'
            ORDER BY name; args=None
DEBUG 2018-04-19 03:23:31,262 /usr/lib64/python2.7/site-packages/django/db/backends/utils.py utils.py utils execute 90: (0.000) SELECT "django_migrations"."app", "django_migrations"."name" FROM "django_migrations"; args=()
DEBUG 2018-04-19 03:23:36,738 /usr/lib64/python2.7/site-packages/django/db/backends/utils.py utils.py utils execute 90: (0.000) BEGIN; args=None
DEBUG 2018-04-19 03:23:36,739 /usr/lib64/python2.7/site-packages/django/db/backends/utils.py utils.py utils execute 90: (0.000) INSERT INTO "hostinfo_ipnet" ("ipnet", "ip_all_num", "ip_used_num", "ip_free_num") SELECT '192.168.0.0/24', 256, 80, 176; args=('192.168.0.0/24', 256, 80, 176)
DEBUG 2018-04-19 03:23:36,739 /usr/lib64/python2.7/site-packages/django/db/backends/utils.py utils.py utils execute 90: (0.000) SELECT "hostinfo_hostinfo"."IP" FROM "hostinfo_hostinfo"; args=()
DEBUG 2018-04-19 03:23:36,753 /usr/lib64/python2.7/site-packages/django/db/backends/utils.py utils.py utils execute 90: (0.000) SELECT "hostinfo_ipnet"."ipnet", "hostinfo_ipnet"."ip_all_num", "hostinfo_ipnet"."ip_used_num", "hostinfo_ipnet"."ip_free_num" FROM "hostinfo_ipnet"; args=()
INFO 2018-04-19 03:23:36,754 /usr/lib64/python2.7/site-packages/django/core/servers/basehttp.py basehttp.py basehttp log_message 124: "GET /hostinfo/ HTTP/1.1" 200 7669
DEBUG 2018-04-19 03:28:28,148 /usr/lib64/python2.7/site-packages/django/db/backends/utils.py utils.py utils execute 90: (0.001) 
            SELECT name, type FROM sqlite_master
            WHERE type in ('table', 'view') AND NOT name='sqlite_sequence'
            ORDER BY name; args=None
DEBUG 2018-04-19 03:28:28,149 /usr/lib64/python2.7/site-packages/django/db/backends/utils.py utils.py utils execute 90: (0.000) SELECT "django_migrations"."app", "django_migrations"."name" FROM "django_migrations"; args=()
DEBUG 2018-04-19 03:28:30,115 /root/venv/vm/lib/python2.7/site-packages/django/db/backends/utils.py utils.py utils execute 90: (0.001) 
            SELECT name, type FROM sqlite_master
            WHERE type in ('table', 'view') AND NOT name='sqlite_sequence'
            ORDER BY name; args=None
DEBUG 2018-04-19 03:28:30,116 /root/venv/vm/lib/python2.7/site-packages/django/db/backends/utils.py utils.py utils execute 90: (0.000) SELECT "django_migrations"."app", "django_migrations"."name" FROM "django_migrations"; args=()
DEBUG 2018-04-19 03:28:31,959 /root/venv/vm/lib/python2.7/site-packages/django/db/backends/utils.py utils.py utils execute 90: (0.001) 
            SELECT name, type FROM sqlite_master
            WHERE type in ('table', 'view') AND NOT name='sqlite_sequence'
            ORDER BY name; args=None
DEBUG 2018-04-19 03:28:31,960 /root/venv/vm/lib/python2.7/site-packages/django/db/backends/utils.py utils.py utils execute 90: (0.000) SELECT "django_migrations"."app", "django_migrations"."name" FROM "django_migrations"; args=()
DEBUG 2018-04-19 03:28:31,961 /root/venv/vm/lib/python2.7/site-packages/django/db/backends/utils.py utils.py utils execute 90: (0.000) 
            SELECT name, type FROM sqlite_master
            WHERE type in ('table', 'view') AND NOT name='sqlite_sequence'
            ORDER BY name; args=None
DEBUG 2018-04-19 03:28:31,961 /root/venv/vm/lib/python2.7/site-packages/django/db/backends/utils.py utils.py utils execute 90: (0.000) SELECT "django_migrations"."app", "django_migrations"."name" FROM "django_migrations"; args=()
DEBUG 2018-04-19 03:28:31,988 /root/venv/vm/lib/python2.7/site-packages/django/db/backends/utils.py utils.py utils execute 90: (0.000) PRAGMA foreign_keys; args=None
DEBUG 2018-04-19 03:28:31,988 /root/venv/vm/lib/python2.7/site-packages/django/db/backends/utils.py utils.py utils execute 90: (0.000) PRAGMA foreign_keys = 0; args=None
DEBUG 2018-04-19 03:28:31,988 /root/venv/vm/lib/python2.7/site-packages/django/db/backends/utils.py utils.py utils execute 90: (0.000) BEGIN; args=None
DEBUG 2018-04-19 03:28:31,992 /root/venv/vm/lib/python2.7/site-packages/django/db/backends/base/schema.py schema.py schema execute 111: ALTER TABLE "hostinfo_ipnet" RENAME TO "hostinfo_ipnet__old"; (params ())
DEBUG 2018-04-19 03:28:31,992 /root/venv/vm/lib/python2.7/site-packages/django/db/backends/utils.py utils.py utils execute 90: (0.000) ALTER TABLE "hostinfo_ipnet" RENAME TO "hostinfo_ipnet__old"; args=()
DEBUG 2018-04-19 03:28:31,992 /root/venv/vm/lib/python2.7/site-packages/django/db/backends/base/schema.py schema.py schema execute 111: CREATE TABLE "hostinfo_ipnet" ("ip_all_num" integer NOT NULL, "ip_used_num" integer NOT NULL, "ip_free_num" integer NOT NULL, "ipnet" varchar(48) NOT NULL PRIMARY KEY); (params None)
DEBUG 2018-04-19 03:28:31,993 /root/venv/vm/lib/python2.7/site-packages/django/db/backends/utils.py utils.py utils execute 90: (0.000) CREATE TABLE "hostinfo_ipnet" ("ip_all_num" integer NOT NULL, "ip_used_num" integer NOT NULL, "ip_free_num" integer NOT NULL, "ipnet" varchar(48) NOT NULL PRIMARY KEY); args=None
DEBUG 2018-04-19 03:28:31,993 /root/venv/vm/lib/python2.7/site-packages/django/db/backends/base/schema.py schema.py schema execute 111: INSERT INTO "hostinfo_ipnet" ("ipnet", "ip_free_num", "ip_all_num", "ip_used_num") SELECT "ipnet", "ip_free_num", "ip_all_num", "ip_used_num" FROM "hostinfo_ipnet__old"; (params ())
DEBUG 2018-04-19 03:28:31,993 /root/venv/vm/lib/python2.7/site-packages/django/db/backends/utils.py utils.py utils execute 90: (0.000) INSERT INTO "hostinfo_ipnet" ("ipnet", "ip_free_num", "ip_all_num", "ip_used_num") SELECT "ipnet", "ip_free_num", "ip_all_num", "ip_used_num" FROM "hostinfo_ipnet__old"; args=()
DEBUG 2018-04-19 03:28:31,993 /root/venv/vm/lib/python2.7/site-packages/django/db/backends/base/schema.py schema.py schema execute 111: DROP TABLE "hostinfo_ipnet__old"; (params ())
DEBUG 2018-04-19 03:28:31,993 /root/venv/vm/lib/python2.7/site-packages/django/db/backends/utils.py utils.py utils execute 90: (0.000) DROP TABLE "hostinfo_ipnet__old"; args=()
DEBUG 2018-04-19 03:28:32,002 /root/venv/vm/lib/python2.7/site-packages/django/db/backends/utils.py utils.py utils execute 90: (0.000) PRAGMA foreign_keys = 0; args=None
DEBUG 2018-04-19 03:28:32,002 /root/venv/vm/lib/python2.7/site-packages/django/db/backends/utils.py utils.py utils execute 90: (0.000) 
            SELECT name, type FROM sqlite_master
            WHERE type in ('table', 'view') AND NOT name='sqlite_sequence'
            ORDER BY name; args=None
DEBUG 2018-04-19 03:28:32,003 /root/venv/vm/lib/python2.7/site-packages/django/db/backends/utils.py utils.py utils execute 90: (0.000) BEGIN; args=None
DEBUG 2018-04-19 03:28:32,003 /root/venv/vm/lib/python2.7/site-packages/django/db/backends/utils.py utils.py utils execute 90: (0.000) INSERT INTO "django_migrations" ("app", "name", "applied") VALUES ('hostinfo', '0007_auto_20180419_0328', '2018-04-19 03:28:32.003097'); args=[u'hostinfo', u'0007_auto_20180419_0328', u'2018-04-19 03:28:32.003097']
DEBUG 2018-04-19 03:28:32,008 /root/venv/vm/lib/python2.7/site-packages/django/db/backends/utils.py utils.py utils execute 90: (0.000) 
            SELECT name, type FROM sqlite_master
            WHERE type in ('table', 'view') AND NOT name='sqlite_sequence'
            ORDER BY name; args=None
DEBUG 2018-04-19 03:28:32,009 /root/venv/vm/lib/python2.7/site-packages/django/db/backends/utils.py utils.py utils execute 90: (0.000) SELECT "django_migrations"."app", "django_migrations"."name" FROM "django_migrations"; args=()
DEBUG 2018-04-19 03:28:32,049 /root/venv/vm/lib/python2.7/site-packages/django/db/backends/utils.py utils.py utils execute 90: (0.000) SELECT "django_content_type"."id", "django_content_type"."app_label", "django_content_type"."model" FROM "django_content_type" WHERE ("django_content_type"."model" = 'logentry' AND "django_content_type"."app_label" = 'admin'); args=('logentry', 'admin')
DEBUG 2018-04-19 03:28:32,051 /root/venv/vm/lib/python2.7/site-packages/django/db/backends/utils.py utils.py utils execute 90: (0.000) SELECT "auth_permission"."content_type_id", "auth_permission"."codename" FROM "auth_permission" INNER JOIN "django_content_type" ON ("auth_permission"."content_type_id" = "django_content_type"."id") WHERE "auth_permission"."content_type_id" IN (1) ORDER BY "django_content_type"."app_label" ASC, "django_content_type"."model" ASC, "auth_permission"."codename" ASC; args=(1,)
DEBUG 2018-04-19 03:28:32,052 /root/venv/vm/lib/python2.7/site-packages/django/db/backends/utils.py utils.py utils execute 90: (0.000) SELECT "django_content_type"."id", "django_content_type"."app_label", "django_content_type"."model" FROM "django_content_type" WHERE "django_content_type"."app_label" = 'admin'; args=('admin',)
DEBUG 2018-04-19 03:28:32,053 /root/venv/vm/lib/python2.7/site-packages/django/db/backends/utils.py utils.py utils execute 90: (0.000) SELECT "django_content_type"."id", "django_content_type"."app_label", "django_content_type"."model" FROM "django_content_type" WHERE ("django_content_type"."model" = 'group' AND "django_content_type"."app_label" = 'auth'); args=('group', 'auth')
DEBUG 2018-04-19 03:28:32,053 /root/venv/vm/lib/python2.7/site-packages/django/db/backends/utils.py utils.py utils execute 90: (0.000) SELECT "django_content_type"."id", "django_content_type"."app_label", "django_content_type"."model" FROM "django_content_type" WHERE ("django_content_type"."model" = 'user' AND "django_content_type"."app_label" = 'auth'); args=('user', 'auth')
DEBUG 2018-04-19 03:28:32,054 /root/venv/vm/lib/python2.7/site-packages/django/db/backends/utils.py utils.py utils execute 90: (0.000) SELECT "django_content_type"."id", "django_content_type"."app_label", "django_content_type"."model" FROM "django_content_type" WHERE ("django_content_type"."model" = 'permission' AND "django_content_type"."app_label" = 'auth'); args=('permission', 'auth')
DEBUG 2018-04-19 03:28:32,055 /root/venv/vm/lib/python2.7/site-packages/django/db/backends/utils.py utils.py utils execute 90: (0.000) SELECT "auth_permission"."content_type_id", "auth_permission"."codename" FROM "auth_permission" INNER JOIN "django_content_type" ON ("auth_permission"."content_type_id" = "django_content_type"."id") WHERE "auth_permission"."content_type_id" IN (2, 3, 4) ORDER BY "django_content_type"."app_label" ASC, "django_content_type"."model" ASC, "auth_permission"."codename" ASC; args=(2, 3, 4)
DEBUG 2018-04-19 03:28:32,056 /root/venv/vm/lib/python2.7/site-packages/django/db/backends/utils.py utils.py utils execute 90: (0.000) SELECT "django_content_type"."id", "django_content_type"."app_label", "django_content_type"."model" FROM "django_content_type" WHERE "django_content_type"."app_label" = 'auth'; args=('auth',)
DEBUG 2018-04-19 03:28:32,057 /root/venv/vm/lib/python2.7/site-packages/django/db/backends/utils.py utils.py utils execute 90: (0.000) SELECT "django_content_type"."id", "django_content_type"."app_label", "django_content_type"."model" FROM "django_content_type" WHERE ("django_content_type"."model" = 'contenttype' AND "django_content_type"."app_label" = 'contenttypes'); args=('contenttype', 'contenttypes')
DEBUG 2018-04-19 03:28:32,058 /root/venv/vm/lib/python2.7/site-packages/django/db/backends/utils.py utils.py utils execute 90: (0.000) SELECT "auth_permission"."content_type_id", "auth_permission"."codename" FROM "auth_permission" INNER JOIN "django_content_type" ON ("auth_permission"."content_type_id" = "django_content_type"."id") WHERE "auth_permission"."content_type_id" IN (5) ORDER BY "django_content_type"."app_label" ASC, "django_content_type"."model" ASC, "auth_permission"."codename" ASC; args=(5,)
DEBUG 2018-04-19 03:28:32,058 /root/venv/vm/lib/python2.7/site-packages/django/db/backends/utils.py utils.py utils execute 90: (0.000) SELECT "django_content_type"."id", "django_content_type"."app_label", "django_content_type"."model" FROM "django_content_type" WHERE "django_content_type"."app_label" = 'contenttypes'; args=('contenttypes',)
DEBUG 2018-04-19 03:28:32,059 /root/venv/vm/lib/python2.7/site-packages/django/db/backends/utils.py utils.py utils execute 90: (0.000) SELECT "django_content_type"."id", "django_content_type"."app_label", "django_content_type"."model" FROM "django_content_type" WHERE ("django_content_type"."model" = 'session' AND "django_content_type"."app_label" = 'sessions'); args=('session', 'sessions')
DEBUG 2018-04-19 03:28:32,060 /root/venv/vm/lib/python2.7/site-packages/django/db/backends/utils.py utils.py utils execute 90: (0.000) SELECT "auth_permission"."content_type_id", "auth_permission"."codename" FROM "auth_permission" INNER JOIN "django_content_type" ON ("auth_permission"."content_type_id" = "django_content_type"."id") WHERE "auth_permission"."content_type_id" IN (6) ORDER BY "django_content_type"."app_label" ASC, "django_content_type"."model" ASC, "auth_permission"."codename" ASC; args=(6,)
DEBUG 2018-04-19 03:28:32,061 /root/venv/vm/lib/python2.7/site-packages/django/db/backends/utils.py utils.py utils execute 90: (0.000) SELECT "django_content_type"."id", "django_content_type"."app_label", "django_content_type"."model" FROM "django_content_type" WHERE "django_content_type"."app_label" = 'sessions'; args=('sessions',)
DEBUG 2018-04-19 03:28:32,062 /root/venv/vm/lib/python2.7/site-packages/django/db/backends/utils.py utils.py utils execute 90: (0.000) SELECT "django_content_type"."id", "django_content_type"."app_label", "django_content_type"."model" FROM "django_content_type" WHERE ("django_content_type"."model" = 'ipnet' AND "django_content_type"."app_label" = 'hostinfo'); args=('ipnet', u'hostinfo')
DEBUG 2018-04-19 03:28:32,062 /root/venv/vm/lib/python2.7/site-packages/django/db/backends/utils.py utils.py utils execute 90: (0.000) SELECT "django_content_type"."id", "django_content_type"."app_label", "django_content_type"."model" FROM "django_content_type" WHERE ("django_content_type"."model" = 'hostinfo' AND "django_content_type"."app_label" = 'hostinfo'); args=('hostinfo', u'hostinfo')
DEBUG 2018-04-19 03:28:32,063 /root/venv/vm/lib/python2.7/site-packages/django/db/backends/utils.py utils.py utils execute 90: (0.000) SELECT "django_content_type"."id", "django_content_type"."app_label", "django_content_type"."model" FROM "django_content_type" WHERE ("django_content_type"."model" = 'diskinfo' AND "django_content_type"."app_label" = 'hostinfo'); args=('diskinfo', u'hostinfo')
DEBUG 2018-04-19 03:28:32,064 /root/venv/vm/lib/python2.7/site-packages/django/db/backends/utils.py utils.py utils execute 90: (0.000) SELECT "django_content_type"."id", "django_content_type"."app_label", "django_content_type"."model" FROM "django_content_type" WHERE ("django_content_type"."model" = 'services' AND "django_content_type"."app_label" = 'hostinfo'); args=('services', u'hostinfo')
DEBUG 2018-04-19 03:28:32,065 /root/venv/vm/lib/python2.7/site-packages/django/db/backends/utils.py utils.py utils execute 90: (0.000) SELECT "auth_permission"."content_type_id", "auth_permission"."codename" FROM "auth_permission" INNER JOIN "django_content_type" ON ("auth_permission"."content_type_id" = "django_content_type"."id") WHERE "auth_permission"."content_type_id" IN (8, 9, 18, 7) ORDER BY "django_content_type"."app_label" ASC, "django_content_type"."model" ASC, "auth_permission"."codename" ASC; args=(8, 9, 18, 7)
DEBUG 2018-04-19 03:28:32,066 /root/venv/vm/lib/python2.7/site-packages/django/db/backends/utils.py utils.py utils execute 90: (0.000) SELECT "django_content_type"."id", "django_content_type"."app_label", "django_content_type"."model" FROM "django_content_type" WHERE "django_content_type"."app_label" = 'hostinfo'; args=(u'hostinfo',)
DEBUG 2018-04-19 03:28:32,066 /root/venv/vm/lib/python2.7/site-packages/django/db/backends/utils.py utils.py utils execute 90: (0.000) SELECT "django_content_type"."id", "django_content_type"."app_label", "django_content_type"."model" FROM "django_content_type" WHERE ("django_content_type"."model" = 'api' AND "django_content_type"."app_label" = 'VersionIterration'); args=('api', u'VersionIterration')
DEBUG 2018-04-19 03:28:32,067 /root/venv/vm/lib/python2.7/site-packages/django/db/backends/utils.py utils.py utils execute 90: (0.000) SELECT "django_content_type"."id", "django_content_type"."app_label", "django_content_type"."model" FROM "django_content_type" WHERE ("django_content_type"."model" = 'newversion' AND "django_content_type"."app_label" = 'VersionIterration'); args=('newversion', u'VersionIterration')
DEBUG 2018-04-19 03:28:32,068 /root/venv/vm/lib/python2.7/site-packages/django/db/backends/utils.py utils.py utils execute 90: (0.000) SELECT "django_content_type"."id", "django_content_type"."app_label", "django_content_type"."model" FROM "django_content_type" WHERE ("django_content_type"."model" = 'testcontent' AND "django_content_type"."app_label" = 'VersionIterration'); args=('testcontent', u'VersionIterration')
DEBUG 2018-04-19 03:28:32,068 /root/venv/vm/lib/python2.7/site-packages/django/db/backends/utils.py utils.py utils execute 90: (0.000) SELECT "django_content_type"."id", "django_content_type"."app_label", "django_content_type"."model" FROM "django_content_type" WHERE ("django_content_type"."model" = 'updateversion' AND "django_content_type"."app_label" = 'VersionIterration'); args=('updateversion', u'VersionIterration')
DEBUG 2018-04-19 03:28:32,069 /root/venv/vm/lib/python2.7/site-packages/django/db/backends/utils.py utils.py utils execute 90: (0.000) SELECT "django_content_type"."id", "django_content_type"."app_label", "django_content_type"."model" FROM "django_content_type" WHERE ("django_content_type"."model" = 'test' AND "django_content_type"."app_label" = 'VersionIterration'); args=('test', u'VersionIterration')
DEBUG 2018-04-19 03:28:32,070 /root/venv/vm/lib/python2.7/site-packages/django/db/backends/utils.py utils.py utils execute 90: (0.000) SELECT "django_content_type"."id", "django_content_type"."app_label", "django_content_type"."model" FROM "django_content_type" WHERE ("django_content_type"."model" = 'development' AND "django_content_type"."app_label" = 'VersionIterration'); args=('development', u'VersionIterration')
DEBUG 2018-04-19 03:28:32,070 /root/venv/vm/lib/python2.7/site-packages/django/db/backends/utils.py utils.py utils execute 90: (0.000) SELECT "django_content_type"."id", "django_content_type"."app_label", "django_content_type"."model" FROM "django_content_type" WHERE ("django_content_type"."model" = 'operateman' AND "django_content_type"."app_label" = 'VersionIterration'); args=('operateman', u'VersionIterration')
DEBUG 2018-04-19 03:28:32,072 /root/venv/vm/lib/python2.7/site-packages/django/db/backends/utils.py utils.py utils execute 90: (0.000) SELECT "auth_permission"."content_type_id", "auth_permission"."codename" FROM "auth_permission" INNER JOIN "django_content_type" ON ("auth_permission"."content_type_id" = "django_content_type"."id") WHERE "auth_permission"."content_type_id" IN (10, 11, 12, 13, 14, 15, 16) ORDER BY "django_content_type"."app_label" ASC, "django_content_type"."model" ASC, "auth_permission"."codename" ASC; args=(10, 11, 12, 13, 14, 15, 16)
DEBUG 2018-04-19 03:28:32,072 /root/venv/vm/lib/python2.7/site-packages/django/db/backends/utils.py utils.py utils execute 90: (0.000) SELECT "django_content_type"."id", "django_content_type"."app_label", "django_content_type"."model" FROM "django_content_type" WHERE "django_content_type"."app_label" = 'VersionIterration'; args=(u'VersionIterration',)
DEBUG 2018-04-19 03:28:37,874 /usr/lib64/python2.7/site-packages/django/db/backends/utils.py utils.py utils execute 90: (0.001) 
            SELECT name, type FROM sqlite_master
            WHERE type in ('table', 'view') AND NOT name='sqlite_sequence'
            ORDER BY name; args=None
DEBUG 2018-04-19 03:28:37,876 /usr/lib64/python2.7/site-packages/django/db/backends/utils.py utils.py utils execute 90: (0.000) SELECT "django_migrations"."app", "django_migrations"."name" FROM "django_migrations"; args=()
DEBUG 2018-04-19 03:28:43,676 /usr/lib64/python2.7/site-packages/django/db/backends/utils.py utils.py utils execute 90: (0.000) BEGIN; args=None
DEBUG 2018-04-19 03:28:43,677 /usr/lib64/python2.7/site-packages/django/db/backends/utils.py utils.py utils execute 90: (0.000) INSERT INTO "hostinfo_ipnet" ("ipnet", "ip_all_num", "ip_used_num", "ip_free_num") SELECT '192.168.0.0/24', 256, 80, 176; args=('192.168.0.0/24', 256, 80, 176)
DEBUG 2018-04-19 03:28:43,678 /usr/lib64/python2.7/site-packages/django/db/backends/utils.py utils.py utils execute 90: (0.000) SELECT "hostinfo_hostinfo"."IP" FROM "hostinfo_hostinfo"; args=()
DEBUG 2018-04-19 03:28:43,691 /usr/lib64/python2.7/site-packages/django/db/backends/utils.py utils.py utils execute 90: (0.000) SELECT "hostinfo_ipnet"."ipnet", "hostinfo_ipnet"."ip_all_num", "hostinfo_ipnet"."ip_used_num", "hostinfo_ipnet"."ip_free_num" FROM "hostinfo_ipnet"; args=()
INFO 2018-04-19 03:28:43,692 /usr/lib64/python2.7/site-packages/django/core/servers/basehttp.py basehttp.py basehttp log_message 124: "GET /hostinfo/ HTTP/1.1" 200 7669
DEBUG 2018-04-19 03:38:48,434 /usr/lib64/python2.7/site-packages/django/db/backends/utils.py utils.py utils execute 90: (0.001) 
            SELECT name, type FROM sqlite_master
            WHERE type in ('table', 'view') AND NOT name='sqlite_sequence'
            ORDER BY name; args=None
DEBUG 2018-04-19 03:38:48,436 /usr/lib64/python2.7/site-packages/django/db/backends/utils.py utils.py utils execute 90: (0.000) SELECT "django_migrations"."app", "django_migrations"."name" FROM "django_migrations"; args=()
DEBUG 2018-04-19 03:38:52,752 /usr/lib64/python2.7/site-packages/django/db/backends/utils.py utils.py utils execute 90: (0.000) BEGIN; args=None
DEBUG 2018-04-19 03:38:52,753 /usr/lib64/python2.7/site-packages/django/db/backends/utils.py utils.py utils execute 90: (0.000) INSERT INTO "hostinfo_ipnet" ("ipnet", "ip_all_num", "ip_used_num", "ip_free_num") SELECT '192.168.0.0/24', 256, 80, 176; args=('192.168.0.0/24', 256, 80, 176)
DEBUG 2018-04-19 03:38:52,754 /usr/lib64/python2.7/site-packages/django/db/backends/utils.py utils.py utils execute 90: (0.000) SELECT "hostinfo_hostinfo"."IP" FROM "hostinfo_hostinfo"; args=()
DEBUG 2018-04-19 03:38:52,766 /usr/lib64/python2.7/site-packages/django/db/backends/utils.py utils.py utils execute 90: (0.000) SELECT "hostinfo_ipnet"."ipnet", "hostinfo_ipnet"."ip_all_num", "hostinfo_ipnet"."ip_used_num", "hostinfo_ipnet"."ip_free_num" FROM "hostinfo_ipnet"; args=()
INFO 2018-04-19 03:38:52,768 /usr/lib64/python2.7/site-packages/django/core/servers/basehttp.py basehttp.py basehttp log_message 124: "GET /hostinfo/ HTTP/1.1" 200 7669
